<?xml version="1.0" encoding="UTF-8"?>
<!-- Generated by org.testng.reporters.JUnitReportReporter -->
<testsuite hostname="NODE212" name="trainingselenium.MacysProfile$ExcelLogin" tests="1" failures="0" timestamp="30 Oct 2014 12:25:51 GMT" time="29.768" errors="0">
  <testcase name="testMacysProfile" time="29.768" classname="trainingselenium.MacysProfile$ExcelLogin"/>
</testsuite> <!-- trainingselenium.MacysProfile$ExcelLogin -->
