<?xml version="1.0" encoding="UTF-8"?>
<!-- Generated by org.testng.reporters.JUnitReportReporter -->
<testsuite hostname="NODE212" name="trainingselenium.JavascriptPopup" tests="1" failures="0" timestamp="28 Oct 2014 05:53:12 GMT" time="12.276" errors="0">
  <testcase name="testlogopresent" time="12.276" classname="trainingselenium.JavascriptPopup"/>
</testsuite> <!-- trainingselenium.JavascriptPopup -->
