<?xml version="1.0" encoding="UTF-8"?>
<!-- Generated by org.testng.reporters.JUnitReportReporter -->
<testsuite hostname="NODE212" name="Assin1" tests="1" failures="0" timestamp="27 Oct 2014 12:05:11 GMT" time="14.271" errors="0">
  <testcase name="testlogopresent" time="14.271" classname="Assin1"/>
</testsuite> <!-- Assin1 -->
