<?xml version="1.0" encoding="UTF-8"?>
<!-- Generated by org.testng.reporters.JUnitReportReporter -->
<testsuite hostname="NODE212" name="trainingselenium.TestNGpractice" tests="1" failures="0" timestamp="27 Oct 2014 12:02:02 GMT" time="29.877" errors="0">
  <testcase name="testlogopresent" time="29.877" classname="trainingselenium.TestNGpractice"/>
</testsuite> <!-- trainingselenium.TestNGpractice -->
