<?xml version="1.0" encoding="UTF-8"?>
<!-- Generated by org.testng.reporters.JUnitReportReporter -->
<testsuite hostname="NODE212" name="trainingselenium.DataDrivenExcel" tests="1" failures="0" timestamp="30 Oct 2014 09:14:16 GMT" time="37.336" errors="0">
  <testcase name="testIRCTCFlight" time="37.336" classname="trainingselenium.DataDrivenExcel"/>
</testsuite> <!-- trainingselenium.DataDrivenExcel -->
