<?xml version="1.0" encoding="UTF-8"?>
<!-- Generated by org.testng.reporters.JUnitReportReporter -->
<testsuite hostname="NODE212" name="com.company.testClasses.MacysProfile" tests="1" failures="0" timestamp="6 Nov 2014 10:48:44 GMT" time="26.774" errors="0">
  <testcase name="testMacysProfile" time="26.774" classname="com.company.testClasses.MacysProfile"/>
</testsuite> <!-- com.company.testClasses.MacysProfile -->
